<?xml version="1.0" encoding="UTF-8"?>
<!-- Generated by org.testng.reporters.JUnitReportReporter -->
<testsuite hostname="DESKTOP-OFA47BE" failures="0" tests="2" name="TestNG.Test10" time="16.942" errors="0" timestamp="2021-03-10T09:41:09 IST" skipped="0">
  <testcase classname="TestNG.Test10" name="testGoogle" time="7.939"/>
  <system-out/>
  <testcase classname="TestNG.Test10" name="testFB" time="9.003"/>
  <system-out/>
</testsuite> <!-- TestNG.Test10 -->
