<?xml version="1.0" encoding="UTF-8"?>
<!-- Generated by org.testng.reporters.JUnitReportReporter -->
<testsuite hostname="DESKTOP-OFA47BE" failures="0" tests="2" name="Test8" time="0.028" errors="0" timestamp="2021-03-10T10:20:18 IST" skipped="0">
  <testcase classname="Test8" name="xyz" time="0.008"/>
  <system-out/>
  <testcase classname="Test8" name="mnop" time="0.020"/>
  <system-out/>
</testsuite> <!-- Test8 -->
