<?xml version="1.0" encoding="UTF-8"?>
<!-- Generated by org.testng.reporters.JUnitReportReporter -->
<testsuite hostname="DESKTOP-OFA47BE" failures="0" tests="1" name="jsp.Test1" time="0.011" errors="0" timestamp="2021-03-08T10:49:33 IST" skipped="0">
  <testcase classname="jsp.Test1" name="m" time="0.011"/>
  <system-out/>
</testsuite> <!-- jsp.Test1 -->
