<?xml version="1.0" encoding="UTF-8"?>
<!-- Generated by org.testng.reporters.JUnitReportReporter -->
<testsuite hostname="DESKTOP-OFA47BE" failures="0" tests="2" name="TestNG.Test11" time="0.023" errors="0" timestamp="2021-03-10T10:39:55 IST" skipped="0">
  <testcase classname="TestNG.Test11" name="m2" time="0.009"/>
  <system-out/>
  <testcase classname="TestNG.Test11" name="m1" time="0.014"/>
  <system-out/>
</testsuite> <!-- TestNG.Test11 -->
