<?xml version="1.0" encoding="UTF-8"?>
<!-- Generated by org.testng.reporters.JUnitReportReporter -->
<testsuite hostname="DESKTOP-OFA47BE" failures="0" tests="3" name="TestNG.Test4" time="0.027" errors="0" timestamp="2021-03-08T10:49:33 IST" skipped="0">
  <testcase classname="TestNG.Test4" name="apple" time="0.004"/>
  <system-out>
from apple method  </system-out>
  <testcase classname="TestNG.Test4" name="carrot" time="0.009"/>
  <system-out>
from carrot method  </system-out>
  <testcase classname="TestNG.Test4" name="banana" time="0.014"/>
  <system-out>
from banana method  </system-out>
</testsuite> <!-- TestNG.Test4 -->
