<?xml version="1.0" encoding="UTF-8"?>
<!-- Generated by org.testng.reporters.JUnitReportReporter -->
<testsuite hostname="DESKTOP-OFA47BE" failures="0" tests="3" name="TestNG.Test5" time="0.063" errors="0" timestamp="2021-03-09T09:04:02 IST" skipped="0">
  <testcase classname="TestNG.Test5" name="yatch" time="0.002"/>
  <system-out>
from yatch  </system-out>
  <testcase classname="TestNG.Test5" name="xray" time="0.003"/>
  <system-out>
from xray  </system-out>
  <testcase classname="TestNG.Test5" name="watermelon" time="0.058"/>
  <system-out>
from watermelon  </system-out>
</testsuite> <!-- TestNG.Test5 -->
