<?xml version="1.0" encoding="UTF-8"?>
<!-- Generated by org.testng.reporters.JUnitReportReporter -->
<testsuite hostname="DESKTOP-OFA47BE" failures="0" tests="2" name="TestNG.Test12" time="0.018" errors="0" timestamp="2021-03-10T10:39:55 IST" skipped="0">
  <testcase classname="TestNG.Test12" name="t1" time="0.010"/>
  <system-out/>
  <testcase classname="TestNG.Test12" name="t2" time="0.008"/>
  <system-out/>
</testsuite> <!-- TestNG.Test12 -->
